c:\sonic3air\oxygen\oxygenengine\build\_vstudio\tmp\oxygen_release_x86\oxygen.pch
c:\sonic3air\oxygen\oxygenengine\build\_vstudio\tmp\oxygen_release_x86\oxygen.pdb
c:\sonic3air\oxygen\oxygenengine\build\_vstudio\tmp\oxygen_release_x86\pch.obj
c:\sonic3air\oxygen\oxygenengine\build\_vstudio\tmp\oxygen_release_x86\oxygenmenu.obj
c:\sonic3air\oxygen\oxygenengine\build\_vstudio\tmp\oxygen_release_x86\menuitems.obj
c:\sonic3air\oxygen\oxygenengine\build\_vstudio\tmp\oxygen_release_x86\gamesetupscreen.obj
c:\sonic3air\oxygen\oxygenengine\build\_vstudio\tmp\oxygen_release_x86\gameview.obj
c:\sonic3air\oxygen\oxygenengine\build\_vstudio\tmp\oxygen_release_x86\inputrecorder.obj
c:\sonic3air\oxygen\oxygenengine\build\_vstudio\tmp\oxygen_release_x86\inputmanager.obj
c:\sonic3air\oxygen\oxygenengine\build\_vstudio\tmp\oxygen_release_x86\inputconfig.obj
c:\sonic3air\oxygen\oxygenengine\build\_vstudio\tmp\oxygen_release_x86\controlsin.obj
c:\sonic3air\oxygen\oxygenengine\build\_vstudio\tmp\oxygen_release_x86\gameprofile.obj
c:\sonic3air\oxygen\oxygenengine\build\_vstudio\tmp\oxygen_release_x86\gameloader.obj
c:\sonic3air\oxygen\oxygenengine\build\_vstudio\tmp\oxygen_release_x86\enginemain.obj
c:\sonic3air\oxygen\oxygenengine\build\_vstudio\tmp\oxygen_release_x86\configuration.obj
c:\sonic3air\oxygen\oxygenengine\build\_vstudio\tmp\oxygen_release_x86\oggaudiosource.obj
c:\sonic3air\oxygen\oxygenengine\build\_vstudio\tmp\oxygen_release_x86\emulationaudiosource.obj
c:\sonic3air\oxygen\oxygenengine\build\_vstudio\tmp\oxygen_release_x86\audiosourcemanager.obj
c:\sonic3air\oxygen\oxygenengine\build\_vstudio\tmp\oxygen_release_x86\audiosourcebase.obj
c:\sonic3air\oxygen\oxygenengine\build\_vstudio\tmp\oxygen_release_x86\audioplayer.obj
c:\sonic3air\oxygen\oxygenengine\build\_vstudio\tmp\oxygen_release_x86\audiooutbase.obj
c:\sonic3air\oxygen\oxygenengine\build\_vstudio\tmp\oxygen_release_x86\audiocollection.obj
c:\sonic3air\oxygen\oxygenengine\build\_vstudio\tmp\oxygen_release_x86\application.obj
c:\sonic3air\oxygen\oxygenengine\build\_vstudio\tmp\oxygen_release_x86\opengldrawerresources.obj
c:\sonic3air\oxygen\oxygenengine\build\_vstudio\tmp\oxygen_release_x86\opengldrawer.obj
c:\sonic3air\oxygen\oxygenengine\build\_vstudio\tmp\oxygen_release_x86\drawertexture.obj
c:\sonic3air\oxygen\oxygenengine\build\_vstudio\tmp\oxygen_release_x86\drawer.obj
c:\sonic3air\oxygen\oxygenengine\build\_vstudio\tmp\oxygen_release_x86\drawcommand.obj
c:\sonic3air\oxygen\oxygenengine\build\_vstudio\tmp\oxygen_release_x86\drawcollection.obj
c:\sonic3air\oxygen\oxygenengine\build\_vstudio\tmp\oxygen_release_x86\platformfunctions.obj
c:\sonic3air\oxygen\oxygenengine\build\_vstudio\tmp\oxygen_release_x86\crashhandler.obj
c:\sonic3air\oxygen\oxygenengine\build\_vstudio\tmp\oxygen_release_x86\videoout.obj
c:\sonic3air\oxygen\oxygenengine\build\_vstudio\tmp\oxygen_release_x86\touchcontrolsoverlay.obj
c:\sonic3air\oxygen\oxygenengine\build\_vstudio\tmp\oxygen_release_x86\savestatemenu.obj
c:\sonic3air\oxygen\oxygenengine\build\_vstudio\tmp\oxygen_release_x86\profilingview.obj
c:\sonic3air\oxygen\oxygenengine\build\_vstudio\tmp\oxygen_release_x86\memoryhexview.obj
c:\sonic3air\oxygen\oxygenengine\build\_vstudio\tmp\oxygen_release_x86\debugsidepanelcategory.obj
c:\sonic3air\oxygen\oxygenengine\build\_vstudio\tmp\oxygen_release_x86\debugsidepanel.obj
c:\sonic3air\oxygen\oxygenengine\build\_vstudio\tmp\oxygen_release_x86\debuglogview.obj
c:\sonic3air\oxygen\oxygenengine\build\_vstudio\tmp\oxygen_release_x86\cheatsheetoverlay.obj
c:\sonic3air\oxygen\oxygenengine\build\_vstudio\tmp\oxygen_release_x86\backdropview.obj
c:\sonic3air\oxygen\oxygenengine\build\_vstudio\tmp\oxygen_release_x86\modmanager.obj
c:\sonic3air\oxygen\oxygenengine\build\_vstudio\tmp\oxygen_release_x86\mod.obj
c:\sonic3air\oxygen\oxygenengine\build\_vstudio\tmp\oxygen_release_x86\logging.obj
c:\sonic3air\oxygen\oxygenengine\build\_vstudio\tmp\oxygen_release_x86\jsonhelper.obj
c:\sonic3air\oxygen\oxygenengine\build\_vstudio\tmp\oxygen_release_x86\filehelper.obj
c:\sonic3air\oxygen\oxygenengine\build\_vstudio\tmp\oxygen_release_x86\bitstream.obj
c:\sonic3air\oxygen\oxygenengine\build\_vstudio\tmp\oxygen_release_x86\transform2d.obj
c:\sonic3air\oxygen\oxygenengine\build\_vstudio\tmp\oxygen_release_x86\profiling.obj
c:\sonic3air\oxygen\oxygenengine\build\_vstudio\tmp\oxygen_release_x86\highresolutiontimer.obj
c:\sonic3air\oxygen\oxygenengine\build\_vstudio\tmp\oxygen_release_x86\downloader.obj
c:\sonic3air\oxygen\oxygenengine\build\_vstudio\tmp\oxygen_release_x86\zipfileprovider.obj
c:\sonic3air\oxygen\oxygenengine\build\_vstudio\tmp\oxygen_release_x86\packedfileprovider.obj
c:\sonic3air\oxygen\oxygenengine\build\_vstudio\tmp\oxygen_release_x86\filestructuretree.obj
c:\sonic3air\oxygen\oxygenengine\build\_vstudio\tmp\oxygen_release_x86\filepackage.obj
c:\sonic3air\oxygen\oxygenengine\build\_vstudio\tmp\oxygen_release_x86\softwarerasterizer.obj
c:\sonic3air\oxygen\oxygenengine\build\_vstudio\tmp\oxygen_release_x86\softwaredrawertexture.obj
c:\sonic3air\oxygen\oxygenengine\build\_vstudio\tmp\oxygen_release_x86\softwaredrawer.obj
c:\sonic3air\oxygen\oxygenengine\build\_vstudio\tmp\oxygen_release_x86\blitter.obj
c:\sonic3air\oxygen\oxygenengine\build\_vstudio\tmp\oxygen_release_x86\upscaler.obj
c:\sonic3air\oxygen\oxygenengine\build\_vstudio\tmp\oxygen_release_x86\opengltexture.obj
c:\sonic3air\oxygen\oxygenengine\build\_vstudio\tmp\oxygen_release_x86\openglspritetexturemanager.obj
c:\sonic3air\oxygen\oxygenengine\build\_vstudio\tmp\oxygen_release_x86\opengldrawertexture.obj
c:\sonic3air\oxygen\oxygenengine\build\_vstudio\tmp\oxygen_release_x86\componentsprite.obj
c:\sonic3air\oxygen\oxygenengine\build\_vstudio\tmp\oxygen_release_x86\softwarerenderer.obj
c:\sonic3air\oxygen\oxygenengine\build\_vstudio\tmp\oxygen_release_x86\renderresources.obj
c:\sonic3air\oxygen\oxygenengine\build\_vstudio\tmp\oxygen_release_x86\spritemanager.obj
c:\sonic3air\oxygen\oxygenengine\build\_vstudio\tmp\oxygen_release_x86\scrolloffsetsmanager.obj
c:\sonic3air\oxygen\oxygenengine\build\_vstudio\tmp\oxygen_release_x86\renderparts.obj
c:\sonic3air\oxygen\oxygenengine\build\_vstudio\tmp\oxygen_release_x86\planemanager.obj
c:\sonic3air\oxygen\oxygenengine\build\_vstudio\tmp\oxygen_release_x86\patternmanager.obj
c:\sonic3air\oxygen\oxygenengine\build\_vstudio\tmp\oxygen_release_x86\palettemanager.obj
c:\sonic3air\oxygen\oxygenengine\build\_vstudio\tmp\oxygen_release_x86\overlaymanager.obj
c:\sonic3air\oxygen\oxygenengine\build\_vstudio\tmp\oxygen_release_x86\rendervdpspriteshader.obj
c:\sonic3air\oxygen\oxygenengine\build\_vstudio\tmp\oxygen_release_x86\renderplaneshader.obj
c:\sonic3air\oxygen\oxygenengine\build\_vstudio\tmp\oxygen_release_x86\renderpalettespriteshader.obj
c:\sonic3air\oxygen\oxygenengine\build\_vstudio\tmp\oxygen_release_x86\rendercomponentspriteshader.obj
c:\sonic3air\oxygen\oxygenengine\build\_vstudio\tmp\oxygen_release_x86\debugdrawplaneshader.obj
c:\sonic3air\oxygen\oxygenengine\build\_vstudio\tmp\oxygen_release_x86\openglrenderresources.obj
c:\sonic3air\oxygen\oxygenengine\build\_vstudio\tmp\oxygen_release_x86\openglrenderer.obj
c:\sonic3air\oxygen\oxygenengine\build\_vstudio\tmp\oxygen_release_x86\geometry.obj
c:\sonic3air\oxygen\oxygenengine\build\_vstudio\tmp\oxygen_release_x86\androidjavainterface.obj
c:\sonic3air\oxygen\oxygenengine\build\_vstudio\tmp\oxygen_release_x86\utils.obj
c:\sonic3air\oxygen\oxygenengine\build\_vstudio\tmp\oxygen_release_x86\persistentdata.obj
c:\sonic3air\oxygen\oxygenengine\build\_vstudio\tmp\oxygen_release_x86\logdisplay.obj
c:\sonic3air\oxygen\oxygenengine\build\_vstudio\tmp\oxygen_release_x86\lemonscriptruntime.obj
c:\sonic3air\oxygen\oxygenengine\build\_vstudio\tmp\oxygen_release_x86\lemonscriptprogram.obj
c:\sonic3air\oxygen\oxygenengine\build\_vstudio\tmp\oxygen_release_x86\lemonscriptbindings.obj
c:\sonic3air\oxygen\oxygenengine\build\_vstudio\tmp\oxygen_release_x86\gamerecorder.obj
c:\sonic3air\oxygen\oxygenengine\build\_vstudio\tmp\oxygen_release_x86\emulatorinterface.obj
c:\sonic3air\oxygen\oxygenengine\build\_vstudio\tmp\oxygen_release_x86\codeexec.obj
c:\sonic3air\oxygen\oxygenengine\build\_vstudio\tmp\oxygen_release_x86\romdataanalyser.obj
c:\sonic3air\oxygen\oxygenengine\build\_vstudio\tmp\oxygen_release_x86\spritecache.obj
c:\sonic3air\oxygen\oxygenengine\build\_vstudio\tmp\oxygen_release_x86\resourcescache.obj
c:\sonic3air\oxygen\oxygenengine\build\_vstudio\tmp\oxygen_release_x86\printedtextcache.obj
c:\sonic3air\oxygen\oxygenengine\build\_vstudio\tmp\oxygen_release_x86\fontcollection.obj
c:\sonic3air\oxygen\oxygenengine\build\_vstudio\tmp\oxygen_release_x86\renderutils.obj
c:\sonic3air\oxygen\oxygenengine\build\_vstudio\tmp\oxygen_release_x86\palettebitmap.obj
c:\sonic3air\oxygen\oxygenengine\build\_vstudio\tmp\oxygen_release_x86\kosinski.obj
c:\sonic3air\oxygen\oxygenengine\build\_vstudio\tmp\oxygen_release_x86\buffertexture.obj
c:\sonic3air\oxygen\oxygenengine\build\_vstudio\tmp\oxygen_release_x86\spritedump.obj
c:\sonic3air\oxygen\oxygenengine\build\_vstudio\tmp\oxygen_release_x86\spritebase.obj
c:\sonic3air\oxygen\oxygenengine\build\_vstudio\tmp\oxygen_release_x86\palettesprite.obj
c:\sonic3air\oxygen\oxygenengine\build\_vstudio\tmp\oxygen_release_x86\ym2612.obj
c:\sonic3air\oxygen\oxygenengine\build\_vstudio\tmp\oxygen_release_x86\soundemulation.obj
c:\sonic3air\oxygen\oxygenengine\build\_vstudio\tmp\oxygen_release_x86\sounddriver.obj
c:\sonic3air\oxygen\oxygenengine\build\_vstudio\tmp\oxygen_release_x86\sn76489.obj
c:\sonic3air\oxygen\oxygenengine\build\_vstudio\tmp\oxygen_release_x86\blip_buf.obj
c:\sonic3air\oxygen\oxygenengine\build\_vstudio\tmp\oxygen_release_x86\simulation.obj
c:\sonic3air\oxygen\oxygenengine\build\_vstudio\tmp\oxygen_release_x86\savestateserializer.obj
c:\sonic3air\oxygen\oxygenengine\build\_vstudio\lib\release_x86\oxygen.lib
c:\sonic3air\oxygen\oxygenengine\build\_vstudio\tmp\oxygen_release_x86\oxygen.tlog\cl.command.1.tlog
c:\sonic3air\oxygen\oxygenengine\build\_vstudio\tmp\oxygen_release_x86\oxygen.tlog\cl.read.1.tlog
c:\sonic3air\oxygen\oxygenengine\build\_vstudio\tmp\oxygen_release_x86\oxygen.tlog\cl.write.1.tlog
c:\sonic3air\oxygen\oxygenengine\build\_vstudio\tmp\oxygen_release_x86\oxygen.tlog\lib-link.read.1.tlog
c:\sonic3air\oxygen\oxygenengine\build\_vstudio\tmp\oxygen_release_x86\oxygen.tlog\lib-link.write.1.tlog
c:\sonic3air\oxygen\oxygenengine\build\_vstudio\tmp\oxygen_release_x86\oxygen.tlog\lib.command.1.tlog
