c:\sonic3air\librmx\build\_vstudio\rmxmedia_x86\rmxmedia.pch
c:\sonic3air\librmx\build\_vstudio\rmxmedia_x86\rmxmedia.obj
c:\sonic3air\librmx\build\_vstudio\rmxmedia_x86\texture.obj
c:\sonic3air\librmx\build\_vstudio\rmxmedia_x86\spriteatlas.obj
c:\sonic3air\librmx\build\_vstudio\rmxmedia_x86\shader.obj
c:\sonic3air\librmx\build\_vstudio\rmxmedia_x86\painter.obj
c:\sonic3air\librmx\build\_vstudio\rmxmedia_x86\jobmanager.obj
c:\sonic3air\librmx\build\_vstudio\rmxmedia_x86\guibase.obj
c:\sonic3air\librmx\build\_vstudio\rmxmedia_x86\gltools.obj
c:\sonic3air\librmx\build\_vstudio\rmxmedia_x86\ftx_system.obj
c:\sonic3air\librmx\build\_vstudio\rmxmedia_x86\framebuffer.obj
c:\sonic3air\librmx\build\_vstudio\rmxmedia_x86\fontsource.obj
c:\sonic3air\librmx\build\_vstudio\rmxmedia_x86\fontprocessor.obj
c:\sonic3air\librmx\build\_vstudio\rmxmedia_x86\openglfontoutput.obj
c:\sonic3air\librmx\build\_vstudio\rmxmedia_x86\font.obj
c:\sonic3air\librmx\build\_vstudio\rmxmedia_x86\fileprovidersdl.obj
c:\sonic3air\librmx\build\_vstudio\rmxmedia_x86\fileinputstreamsdl.obj
c:\sonic3air\librmx\build\_vstudio\rmxmedia_x86\audioreference.obj
c:\sonic3air\librmx\build\_vstudio\rmxmedia_x86\audiomixer.obj
c:\sonic3air\librmx\build\_vstudio\rmxmedia_x86\audiobuffer.obj
c:\sonic3air\librmx\build\_vstudio\rmxmedia_x86\audiomanager.obj
c:\sonic3air\librmx\build\_vstudio\rmxmedia_x86\appframework.obj
c:\sonic3air\librmx\build\_vstudio\rmxmedia_x86\videobuffer.obj
c:\sonic3air\librmx\build\_vstudio\rmxmedia_x86\vertexarrayobject.obj
c:\sonic3air\librmx\build\_vstudio\rmxmedia_x86\thread.obj
c:\sonic3air\librmx\build\_vstudio\rmxmedia_x86\glew.obj
c:\sonic3air\librmx\lib\x86\rmxmedia.lib
c:\sonic3air\librmx\build\_vstudio\..\..\lib\x86\rmxmedia.lib
c:\sonic3air\librmx\build\_vstudio\rmxmedia_x86\rmxmedia.tlog\cl.command.1.tlog
c:\sonic3air\librmx\build\_vstudio\rmxmedia_x86\rmxmedia.tlog\cl.read.1.tlog
c:\sonic3air\librmx\build\_vstudio\rmxmedia_x86\rmxmedia.tlog\cl.write.1.tlog
c:\sonic3air\librmx\build\_vstudio\rmxmedia_x86\rmxmedia.tlog\lib-link.read.1.tlog
c:\sonic3air\librmx\build\_vstudio\rmxmedia_x86\rmxmedia.tlog\lib-link.write.1.tlog
c:\sonic3air\librmx\build\_vstudio\rmxmedia_x86\rmxmedia.tlog\lib.command.1.tlog
