c:\sonic3air\librmx\build\_vstudio\rmxbase_x86\rmxbase.pch
c:\sonic3air\librmx\build\_vstudio\rmxbase_x86\rmxbase.obj
c:\sonic3air\librmx\build\_vstudio\rmxbase_x86\inputstream.obj
c:\sonic3air\librmx\build\_vstudio\rmxbase_x86\filehandle.obj
c:\sonic3air\librmx\build\_vstudio\rmxbase_x86\filecrawler.obj
c:\sonic3air\librmx\build\_vstudio\rmxbase_x86\rmxdeflate.obj
c:\sonic3air\librmx\build\_vstudio\rmxbase_x86\realfileprovider.obj
c:\sonic3air\librmx\build\_vstudio\rmxbase_x86\onetimeallocpool.obj
c:\sonic3air\librmx\build\_vstudio\rmxbase_x86\logging.obj
c:\sonic3air\librmx\build\_vstudio\rmxbase_x86\fileprovider.obj
c:\sonic3air\librmx\build\_vstudio\rmxbase_x86\jsonhelper.obj
c:\sonic3air\librmx\build\_vstudio\rmxbase_x86\filesystem.obj
c:\sonic3air\librmx\build\_vstudio\rmxbase_x86\fileio.obj
c:\sonic3air\librmx\build\_vstudio\rmxbase_x86\errorhandler.obj
c:\sonic3air\librmx\build\_vstudio\rmxbase_x86\color.obj
c:\sonic3air\librmx\build\_vstudio\rmxbase_x86\bitmapcodecpng.obj
c:\sonic3air\librmx\build\_vstudio\rmxbase_x86\bitmapcodecjpg.obj
c:\sonic3air\librmx\build\_vstudio\rmxbase_x86\bitmapcodecico.obj
c:\sonic3air\librmx\build\_vstudio\rmxbase_x86\bitmapcodecbmp.obj
c:\sonic3air\librmx\build\_vstudio\rmxbase_x86\bitmap.obj
c:\sonic3air\librmx\build\_vstudio\rmxbase_x86\binaryserializer.obj
c:\sonic3air\librmx\build\_vstudio\rmxbase_x86\basics.obj
c:\sonic3air\librmx\build\_vstudio\rmxbase_x86\zlibdeflate.obj
c:\sonic3air\librmx\build\_vstudio\rmxbase_x86\vectorbinaryserializer.obj
c:\sonic3air\librmx\build\_vstudio\rmxbase_x86\tools.obj
c:\sonic3air\librmx\build\_vstudio\rmxbase_x86\string.obj
c:\sonic3air\librmx\build\_vstudio\rmxbase_x86\rc4encryption.obj
c:\sonic3air\librmx\build\_vstudio\rmxbase_x86\outputstream.obj
c:\sonic3air\librmx\build\_vstudio\rmxbase_x86\math.obj
c:\sonic3air\librmx\build\_vstudio\rmxbase_x86\json_writer.obj
c:\sonic3air\librmx\build\_vstudio\rmxbase_x86\json_value.obj
c:\sonic3air\librmx\build\_vstudio\rmxbase_x86\json_reader.obj
c:\sonic3air\librmx\lib\x86\rmxbase.lib
c:\sonic3air\librmx\build\_vstudio\..\..\lib\x86\rmxbase.lib
c:\sonic3air\librmx\build\_vstudio\rmxbase_x86\rmxbase.tlog\cl.command.1.tlog
c:\sonic3air\librmx\build\_vstudio\rmxbase_x86\rmxbase.tlog\cl.read.1.tlog
c:\sonic3air\librmx\build\_vstudio\rmxbase_x86\rmxbase.tlog\cl.write.1.tlog
c:\sonic3air\librmx\build\_vstudio\rmxbase_x86\rmxbase.tlog\lib-link.read.1.tlog
c:\sonic3air\librmx\build\_vstudio\rmxbase_x86\rmxbase.tlog\lib-link.write.1.tlog
c:\sonic3air\librmx\build\_vstudio\rmxbase_x86\rmxbase.tlog\lib.command.1.tlog
