c:\sonic3air\oxygen\lemonscript\build\_vstudio\tmp\lemonscript_release_x86\lemonscript.pch
c:\sonic3air\oxygen\lemonscript\build\_vstudio\tmp\lemonscript_release_x86\lemonscript.pdb
c:\sonic3air\oxygen\lemonscript\build\_vstudio\tmp\lemonscript_release_x86\pch.obj
c:\sonic3air\oxygen\lemonscript\build\_vstudio\tmp\lemonscript_release_x86\program.obj
c:\sonic3air\oxygen\lemonscript\build\_vstudio\tmp\lemonscript_release_x86\opcode.obj
c:\sonic3air\oxygen\lemonscript\build\_vstudio\tmp\lemonscript_release_x86\module.obj
c:\sonic3air\oxygen\lemonscript\build\_vstudio\tmp\lemonscript_release_x86\globalslookup.obj
c:\sonic3air\oxygen\lemonscript\build\_vstudio\tmp\lemonscript_release_x86\functionwrapper.obj
c:\sonic3air\oxygen\lemonscript\build\_vstudio\tmp\lemonscript_release_x86\function.obj
c:\sonic3air\oxygen\lemonscript\build\_vstudio\tmp\lemonscript_release_x86\define.obj
c:\sonic3air\oxygen\lemonscript\build\_vstudio\tmp\lemonscript_release_x86\datatype.obj
c:\sonic3air\oxygen\lemonscript\build\_vstudio\tmp\lemonscript_release_x86\constantarray.obj
c:\sonic3air\oxygen\lemonscript\build\_vstudio\tmp\lemonscript_release_x86\typecasting.obj
c:\sonic3air\oxygen\lemonscript\build\_vstudio\tmp\lemonscript_release_x86\tokenprocessing.obj
c:\sonic3air\oxygen\lemonscript\build\_vstudio\tmp\lemonscript_release_x86\token.obj
c:\sonic3air\oxygen\lemonscript\build\_vstudio\tmp\lemonscript_release_x86\preprocessor.obj
c:\sonic3air\oxygen\lemonscript\build\_vstudio\tmp\lemonscript_release_x86\parserhelper.obj
c:\sonic3air\oxygen\lemonscript\build\_vstudio\tmp\lemonscript_release_x86\parser.obj
c:\sonic3air\oxygen\lemonscript\build\_vstudio\tmp\lemonscript_release_x86\operators.obj
c:\sonic3air\oxygen\lemonscript\build\_vstudio\tmp\lemonscript_release_x86\node.obj
c:\sonic3air\oxygen\lemonscript\build\_vstudio\tmp\lemonscript_release_x86\linenumbertranslation.obj
c:\sonic3air\oxygen\lemonscript\build\_vstudio\tmp\lemonscript_release_x86\functioncompiler.obj
c:\sonic3air\oxygen\lemonscript\build\_vstudio\tmp\lemonscript_release_x86\compiler.obj
c:\sonic3air\oxygen\lemonscript\build\_vstudio\tmp\lemonscript_release_x86\flyweightstring.obj
c:\sonic3air\oxygen\lemonscript\build\_vstudio\tmp\lemonscript_release_x86\translator.obj
c:\sonic3air\oxygen\lemonscript\build\_vstudio\tmp\lemonscript_release_x86\sourcecodewriter.obj
c:\sonic3air\oxygen\lemonscript\build\_vstudio\tmp\lemonscript_release_x86\nativizer.obj
c:\sonic3air\oxygen\lemonscript\build\_vstudio\tmp\lemonscript_release_x86\standardlibrary.obj
c:\sonic3air\oxygen\lemonscript\build\_vstudio\tmp\lemonscript_release_x86\runtime.obj
c:\sonic3air\oxygen\lemonscript\build\_vstudio\tmp\lemonscript_release_x86\runtimefunction.obj
c:\sonic3air\oxygen\lemonscript\build\_vstudio\tmp\lemonscript_release_x86\optimizedopcodeprovider.obj
c:\sonic3air\oxygen\lemonscript\build\_vstudio\tmp\lemonscript_release_x86\nativizedopcodeprovider.obj
c:\sonic3air\oxygen\lemonscript\build\_vstudio\tmp\lemonscript_release_x86\defaultopcodeprovider.obj
c:\sonic3air\oxygen\lemonscript\build\_vstudio\tmp\lemonscript_release_x86\opcodeprocessor.obj
c:\sonic3air\oxygen\lemonscript\build\_vstudio\tmp\lemonscript_release_x86\controlflow.obj
c:\sonic3air\oxygen\lemonscript\build\_vstudio\tmp\lemonscript_release_x86\builtinfunctions.obj
c:\sonic3air\oxygen\lemonscript\build\_vstudio\tmp\lemonscript_release_x86\stringref.obj
c:\sonic3air\oxygen\lemonscript\lib\x86\lemonscript.lib
c:\sonic3air\oxygen\lemonscript\build\_vstudio\..\..\lib\x86\lemonscript.lib
c:\sonic3air\oxygen\lemonscript\build\_vstudio\tmp\lemonscript_release_x86\lemonscript.tlog\cl.command.1.tlog
c:\sonic3air\oxygen\lemonscript\build\_vstudio\tmp\lemonscript_release_x86\lemonscript.tlog\cl.read.1.tlog
c:\sonic3air\oxygen\lemonscript\build\_vstudio\tmp\lemonscript_release_x86\lemonscript.tlog\cl.write.1.tlog
c:\sonic3air\oxygen\lemonscript\build\_vstudio\tmp\lemonscript_release_x86\lemonscript.tlog\lib-link.read.1.tlog
c:\sonic3air\oxygen\lemonscript\build\_vstudio\tmp\lemonscript_release_x86\lemonscript.tlog\lib-link.write.1.tlog
c:\sonic3air\oxygen\lemonscript\build\_vstudio\tmp\lemonscript_release_x86\lemonscript.tlog\lib.command.1.tlog
