c:\sonic3air\oxygen\sonic3air\build\_vstudio\tmp\sonic3air_release_x86\sonic3air.pch
c:\sonic3air\oxygen\sonic3air\build\_vstudio\tmp\sonic3air_release_x86\vc141.pdb
c:\sonic3air\oxygen\sonic3air\build\_vstudio\tmp\sonic3air_release_x86\pch.obj
c:\sonic3air\oxygen\sonic3air\build\_vstudio\tmp\sonic3air_release_x86\gameapp.obj
c:\sonic3air\oxygen\sonic3air\build\_vstudio\tmp\sonic3air_release_x86\actselectmenu.obj
c:\sonic3air\oxygen\sonic3air\build\_vstudio\tmp\sonic3air_release_x86\extrasmenu.obj
c:\sonic3air\oxygen\sonic3air\build\_vstudio\tmp\sonic3air_release_x86\applicationcontextmenu.obj
c:\sonic3air\oxygen\sonic3air\build\_vstudio\tmp\sonic3air_release_x86\main.obj
c:\sonic3air\oxygen\sonic3air\build\_vstudio\tmp\sonic3air_release_x86\gameutils.obj
c:\sonic3air\oxygen\sonic3air\build\_vstudio\tmp\sonic3air_release_x86\bluespheresrendering.obj
c:\sonic3air\oxygen\sonic3air\build\_vstudio\tmp\sonic3air_release_x86\resourcescriptgenerator.obj
c:\sonic3air\oxygen\sonic3air\build\_vstudio\tmp\sonic3air_release_x86\game.obj
c:\sonic3air\oxygen\sonic3air\build\_vstudio\tmp\sonic3air_release_x86\enginedelegate.obj
c:\sonic3air\oxygen\sonic3air\build\_vstudio\tmp\sonic3air_release_x86\timeattackdata.obj
c:\sonic3air\oxygen\sonic3air\build\_vstudio\tmp\sonic3air_release_x86\shareddatabase.obj
c:\sonic3air\oxygen\sonic3air\build\_vstudio\tmp\sonic3air_release_x86\playerrecorder.obj
c:\sonic3air\oxygen\sonic3air\build\_vstudio\tmp\sonic3air_release_x86\playerprogress.obj
c:\sonic3air\oxygen\sonic3air\build\_vstudio\tmp\sonic3air_release_x86\configurationimpl.obj
c:\sonic3air\oxygen\sonic3air\build\_vstudio\tmp\sonic3air_release_x86\updatecheck.obj
c:\sonic3air\oxygen\sonic3air\build\_vstudio\tmp\sonic3air_release_x86\ghostsync.obj
c:\sonic3air\oxygen\sonic3air\build\_vstudio\tmp\sonic3air_release_x86\gameclient.obj
c:\sonic3air\oxygen\sonic3air\build\_vstudio\tmp\sonic3air_release_x86\customaudiomixer.obj
c:\sonic3air\oxygen\sonic3air\build\_vstudio\tmp\sonic3air_release_x86\audioout.obj
c:\sonic3air\oxygen\sonic3air\build\_vstudio\tmp\sonic3air_release_x86\nativizedcode.obj
c:\sonic3air\oxygen\sonic3air\build\_vstudio\tmp\sonic3air_release_x86\scriptimplementations.obj
c:\sonic3air\oxygen\sonic3air\build\_vstudio\tmp\sonic3air_release_x86\dynamicsprites.obj
c:\sonic3air\oxygen\sonic3air\build\_vstudio\tmp\sonic3air_release_x86\timeattackresultsmenu.obj
c:\sonic3air\oxygen\sonic3air\build\_vstudio\tmp\sonic3air_release_x86\timeattackmenu.obj
c:\sonic3air\oxygen\sonic3air\build\_vstudio\tmp\sonic3air_release_x86\sharedresources.obj
c:\sonic3air\oxygen\sonic3air\build\_vstudio\tmp\sonic3air_release_x86\pausemenu.obj
c:\sonic3air\oxygen\sonic3air\build\_vstudio\tmp\sonic3air_release_x86\skippablecutscenewindow.obj
c:\sonic3air\oxygen\sonic3air\build\_vstudio\tmp\sonic3air_release_x86\secretunlockedwindow.obj
c:\sonic3air\oxygen\sonic3air\build\_vstudio\tmp\sonic3air_release_x86\optionsmenuentries.obj
c:\sonic3air\oxygen\sonic3air\build\_vstudio\tmp\sonic3air_release_x86\optionsmenu.obj
c:\sonic3air\oxygen\sonic3air\build\_vstudio\tmp\sonic3air_release_x86\optionsentry.obj
c:\sonic3air\oxygen\sonic3air\build\_vstudio\tmp\sonic3air_release_x86\controllersetupmenu.obj
c:\sonic3air\oxygen\sonic3air\build\_vstudio\tmp\sonic3air_release_x86\modsmenu.obj
c:\sonic3air\oxygen\sonic3air\build\_vstudio\tmp\sonic3air_release_x86\menubackground.obj
c:\sonic3air\oxygen\sonic3air\build\_vstudio\tmp\sonic3air_release_x86\mainmenu.obj
c:\sonic3air\oxygen\sonic3air\build\_vstudio\tmp\sonic3air_release_x86\gamemenumanager.obj
c:\sonic3air\oxygen\sonic3air\build\_vstudio\tmp\sonic3air_release_x86\gamemenubase.obj
c:\sonic3air\oxygen\sonic3air\bin\release_x86\sonic3air.exe
c:\sonic3air\oxygen\sonic3air\bin\release_x86\sonic3air.ilk
c:\sonic3air\oxygen\sonic3air\bin\release_x86\sonic3air.pdb
c:\sonic3air\oxygen\sonic3air\build\_vstudio\tmp\sonic3air_release_x86\sonic3air.res
c:\sonic3air\oxygen\sonic3air\bin\release_x86\sonic3air.lib
c:\sonic3air\oxygen\sonic3air\bin\release_x86\sonic3air.exp
c:\sonic3air\oxygen\sonic3air\build\_vstudio\..\..\bin\release_x86\sonic3air.pdb
c:\sonic3air\oxygen\sonic3air\build\_vstudio\..\..\bin\release_x86\sonic3air.exe
c:\sonic3air\oxygen\sonic3air\build\_vstudio\..\..\bin\release_x86\sonic3air.ilk
c:\sonic3air\oxygen\sonic3air\build\_vstudio\tmp\sonic3air_release_x86\sonic3air.tlog\cl.command.1.tlog
c:\sonic3air\oxygen\sonic3air\build\_vstudio\tmp\sonic3air_release_x86\sonic3air.tlog\cl.read.1.tlog
c:\sonic3air\oxygen\sonic3air\build\_vstudio\tmp\sonic3air_release_x86\sonic3air.tlog\cl.write.1.tlog
c:\sonic3air\oxygen\sonic3air\build\_vstudio\tmp\sonic3air_release_x86\sonic3air.tlog\link.command.1.tlog
c:\sonic3air\oxygen\sonic3air\build\_vstudio\tmp\sonic3air_release_x86\sonic3air.tlog\link.read.1.tlog
c:\sonic3air\oxygen\sonic3air\build\_vstudio\tmp\sonic3air_release_x86\sonic3air.tlog\link.write.1.tlog
c:\sonic3air\oxygen\sonic3air\build\_vstudio\tmp\sonic3air_release_x86\sonic3air.tlog\rc.command.1.tlog
c:\sonic3air\oxygen\sonic3air\build\_vstudio\tmp\sonic3air_release_x86\sonic3air.tlog\rc.read.1.tlog
c:\sonic3air\oxygen\sonic3air\build\_vstudio\tmp\sonic3air_release_x86\sonic3air.tlog\rc.write.1.tlog
c:\sonic3air\oxygen\sonic3air\build\_vstudio\tmp\sonic3air_release_x86\sonic3air.tlog\sonic3air.write.1u.tlog
