c:\sonic3air\oxygen\oxygenengine\build\_vstudio\tmp\oxygen_netcore_release_x86\oxygen_netcore.pch
c:\sonic3air\oxygen\oxygenengine\build\_vstudio\tmp\oxygen_netcore_release_x86\oxygen_netcore.pdb
c:\sonic3air\oxygen\oxygenengine\build\_vstudio\tmp\oxygen_netcore_release_x86\pch.obj
c:\sonic3air\oxygen\oxygenengine\build\_vstudio\tmp\oxygen_netcore_release_x86\sockets.obj
c:\sonic3air\oxygen\oxygenengine\build\_vstudio\tmp\oxygen_netcore_release_x86\serverclientbase.obj
c:\sonic3air\oxygen\oxygenengine\build\_vstudio\tmp\oxygen_netcore_release_x86\requestbase.obj
c:\sonic3air\oxygen\oxygenengine\build\_vstudio\tmp\oxygen_netcore_release_x86\netconnection.obj
c:\sonic3air\oxygen\oxygenengine\build\_vstudio\tmp\oxygen_netcore_release_x86\websocketwrapper.obj
c:\sonic3air\oxygen\oxygenengine\build\_vstudio\tmp\oxygen_netcore_release_x86\websocketclient.obj
c:\sonic3air\oxygen\oxygenengine\build\_vstudio\tmp\oxygen_netcore_release_x86\sentpacketcache.obj
c:\sonic3air\oxygen\oxygenengine\build\_vstudio\tmp\oxygen_netcore_release_x86\receivedpacketcache.obj
c:\sonic3air\oxygen\oxygenengine\build\_vstudio\tmp\oxygen_netcore_release_x86\cryptofunctions.obj
c:\sonic3air\oxygen\oxygenengine\build\_vstudio\tmp\oxygen_netcore_release_x86\connectionmanager.obj
c:\sonic3air\oxygen\oxygenengine\build\_vstudio\lib\release_x86\oxygen_netcore.lib
c:\sonic3air\oxygen\oxygenengine\build\_vstudio\tmp\oxygen_netcore_release_x86\oxygen_netcore.tlog\cl.command.1.tlog
c:\sonic3air\oxygen\oxygenengine\build\_vstudio\tmp\oxygen_netcore_release_x86\oxygen_netcore.tlog\cl.read.1.tlog
c:\sonic3air\oxygen\oxygenengine\build\_vstudio\tmp\oxygen_netcore_release_x86\oxygen_netcore.tlog\cl.write.1.tlog
c:\sonic3air\oxygen\oxygenengine\build\_vstudio\tmp\oxygen_netcore_release_x86\oxygen_netcore.tlog\lib-link.read.1.tlog
c:\sonic3air\oxygen\oxygenengine\build\_vstudio\tmp\oxygen_netcore_release_x86\oxygen_netcore.tlog\lib-link.write.1.tlog
c:\sonic3air\oxygen\oxygenengine\build\_vstudio\tmp\oxygen_netcore_release_x86\oxygen_netcore.tlog\lib.command.1.tlog
